<?xml version="1.0" encoding="UTF-8"?>
<!-- Generated by org.testng.reporters.JUnitXMLReporter -->
<testsuite ignored="0" hostname="LP8018" failures="0" tests="2" name="Default test" time="18.173" errors="0" timestamp="2022-04-16T20:23:31 IST">
  <testcase classname="TestNgProject.SangamAutomation.Sangam_LandingPage" name="LandingPageValidation" time="0.276"/>
  <testcase classname="TestNgProject.SangamAutomation.Sangam_LandingPage" name="profileValidation" time="13.521"/>
</testsuite> <!-- Default test -->
